<?xml version="1.0" encoding="UTF-8"?>
<testng-results ignored="0" total="2" passed="2" failed="0" skipped="0">
  <reporter-output>
  </reporter-output>
  <suite started-at="2024-03-20T18:52:36 IST" name="Suite" finished-at="2024-03-20T18:52:56 IST" duration-ms="19415">
    <groups>
    </groups>
    <test started-at="2024-03-20T18:52:36 IST" name="FirstPractice2" finished-at="2024-03-20T18:52:48 IST" duration-ms="11757">
      <class name="seleniumfwpractise.Tests.FirstPractice2">
        <test-method is-config="true" signature="launchApp()[pri:0, instance:seleniumfwpractise.Tests.FirstPractice2@130c12b7]" started-at="2024-03-20T18:52:36 IST" name="launchApp" finished-at="2024-03-20T18:52:44 IST" duration-ms="7804" status="PASS">
          <reporter-output>
          </reporter-output>
        </test-method> <!-- launchApp -->
        <test-method signature="FirstPractise2()[pri:0, instance:seleniumfwpractise.Tests.FirstPractice2@130c12b7]" started-at="2024-03-20T18:52:44 IST" name="FirstPractise2" finished-at="2024-03-20T18:52:48 IST" duration-ms="3754" status="PASS">
          <reporter-output>
          </reporter-output>
        </test-method> <!-- FirstPractise2 -->
        <test-method is-config="true" signature="tearDown()[pri:0, instance:seleniumfwpractise.Tests.FirstPractice2@130c12b7]" started-at="2024-03-20T18:52:48 IST" name="tearDown" finished-at="2024-03-20T18:52:48 IST" duration-ms="117" status="PASS">
          <reporter-output>
          </reporter-output>
        </test-method> <!-- tearDown -->
      </class> <!-- seleniumfwpractise.Tests.FirstPractice2 -->
    </test> <!-- FirstPractice2 -->
    <test started-at="2024-03-20T18:52:48 IST" name="ErrorValidation" finished-at="2024-03-20T18:52:56 IST" duration-ms="7547">
      <class name="seleniumfwpractise.Tests.ErrorValidation">
        <test-method is-config="true" signature="launchApp()[pri:0, instance:seleniumfwpractise.Tests.ErrorValidation@4c60d6e9]" started-at="2024-03-20T18:52:48 IST" name="launchApp" finished-at="2024-03-20T18:52:54 IST" duration-ms="6220" status="PASS">
          <reporter-output>
          </reporter-output>
        </test-method> <!-- launchApp -->
        <test-method signature="LoginErrorValidation()[pri:0, instance:seleniumfwpractise.Tests.ErrorValidation@4c60d6e9]" started-at="2024-03-20T18:52:54 IST" name="LoginErrorValidation" finished-at="2024-03-20T18:52:55 IST" duration-ms="1156" status="PASS">
          <reporter-output>
          </reporter-output>
        </test-method> <!-- LoginErrorValidation -->
        <test-method is-config="true" signature="tearDown()[pri:0, instance:seleniumfwpractise.Tests.ErrorValidation@4c60d6e9]" started-at="2024-03-20T18:52:55 IST" name="tearDown" finished-at="2024-03-20T18:52:56 IST" duration-ms="163" status="PASS">
          <reporter-output>
          </reporter-output>
        </test-method> <!-- tearDown -->
      </class> <!-- seleniumfwpractise.Tests.ErrorValidation -->
    </test> <!-- ErrorValidation -->
  </suite> <!-- Suite -->
</testng-results>
