<?xml version="1.0" encoding="UTF-8"?>
<testng-results ignored="0" total="2" passed="2" failed="0" skipped="0">
  <reporter-output>
  </reporter-output>
  <suite started-at="2024-02-22T17:09:13 IST" name="Default suite" finished-at="2024-02-22T17:09:13 IST" duration-ms="86">
    <groups>
    </groups>
    <test started-at="2024-02-22T17:09:13 IST" name="Default test" finished-at="2024-02-22T17:09:13 IST" duration-ms="86">
      <class name="Met2">
        <test-method is-config="true" signature="before()[pri:0, instance:Met2@649bec2e]" started-at="2024-02-22T17:09:13 IST" name="before" finished-at="2024-02-22T17:09:13 IST" duration-ms="7" status="PASS">
          <reporter-output>
          </reporter-output>
        </test-method> <!-- before -->
        <test-method signature="data()[pri:0, instance:Met2@649bec2e]" started-at="2024-02-22T17:09:13 IST" name="data" finished-at="2024-02-22T17:09:13 IST" duration-ms="8" status="PASS">
          <reporter-output>
          </reporter-output>
        </test-method> <!-- data -->
        <test-method is-config="true" signature="after()[pri:0, instance:Met2@649bec2e]" started-at="2024-02-22T17:09:13 IST" name="after" finished-at="2024-02-22T17:09:13 IST" duration-ms="0" status="PASS">
          <reporter-output>
          </reporter-output>
        </test-method> <!-- after -->
        <test-method is-config="true" signature="before()[pri:0, instance:Met2@649bec2e]" started-at="2024-02-22T17:09:13 IST" name="before" finished-at="2024-02-22T17:09:13 IST" duration-ms="2" status="PASS">
          <reporter-output>
          </reporter-output>
        </test-method> <!-- before -->
        <test-method signature="data1()[pri:0, instance:Met2@649bec2e]" started-at="2024-02-22T17:09:13 IST" name="data1" finished-at="2024-02-22T17:09:13 IST" duration-ms="3" status="PASS">
          <reporter-output>
          </reporter-output>
        </test-method> <!-- data1 -->
        <test-method is-config="true" signature="after()[pri:0, instance:Met2@649bec2e]" started-at="2024-02-22T17:09:13 IST" name="after" finished-at="2024-02-22T17:09:13 IST" duration-ms="1" status="PASS">
          <reporter-output>
          </reporter-output>
        </test-method> <!-- after -->
      </class> <!-- Met2 -->
    </test> <!-- Default test -->
  </suite> <!-- Default suite -->
</testng-results>
