<?xml version="1.0" encoding="UTF-8"?>
<!-- Generated by org.testng.reporters.JUnitXMLReporter -->
<testsuite ignored="0" hostname="GSSC" failures="1" tests="2" name="Test" time="20.343" errors="0" timestamp="2024-03-08T15:41:54 IST">
  <testcase classname="seleniumfwpractise.Tests.FirstPractice2" name="FirstPractise2" time="14.339"/>
  <testcase classname="seleniumfwpractise.Tests.ErrorValidation" name="FirstPractise2" time="0.394">
    <failure type="java.lang.AssertionError" message="expected [Incorrect email or password.] but found [Incorrect Email or Password.]">
      <![CDATA[java.lang.AssertionError: expected [Incorrect email or password.] but found [Incorrect Email or Password.]
at seleniumfwpractise.Tests.ErrorValidation.FirstPractise2(ErrorValidation.java:35)
at java.base/java.util.ArrayList.forEach(ArrayList.java:1511)
... Removed 33 stack frames]]>
    </failure>
  </testcase> <!-- FirstPractise2 -->
</testsuite> <!-- Test -->
