<?xml version="1.0" encoding="UTF-8"?>
<!-- Generated by org.testng.reporters.JUnitXMLReporter -->
<testsuite ignored="0" hostname="GSSC" failures="0" tests="4" name="Normal" time="0.054" errors="0" timestamp="2024-02-21T23:26:29 IST">
  <testcase classname="test.Day1" name="data" time="0.005"/>
  <testcase classname="test.day2" name="dummy" time="0.002"/>
  <testcase classname="test.day2" name="dummy" time="0.001"/>
  <testcase classname="test.day2" name="dummy" time="0.001"/>
</testsuite> <!-- Normal -->
